# JRE version: Java(TM) SE Runtime Environment (8.0_51-b16) (build 1.8.0_51-b16)
# Java VM: Java HotSpot(TM) 64-Bit Server VM (25.51-b03 mixed mode bsd-amd64 compressed oops)
Heap:
 PSYoungGen      total 235008K, used 220688K [0x00000007b0000000, 0x00000007bfd80000, 0x00000007c0000000)
  eden space 210944K, 100% used [0x00000007b0000000,0x00000007bce00000,0x00000007bce00000)
  from space 24064K, 40% used [0x00000007bce00000,0x00000007bd784050,0x00000007be580000)
  to   space 23040K, 0% used [0x00000007be700000,0x00000007be700000,0x00000007bfd80000)
 ParOldGen       total 524288K, used 286761K [0x0000000790000000, 0x00000007b0000000, 0x00000007b0000000)
  object space 524288K, 54% used [0x0000000790000000,0x00000007a180a550,0x00000007b0000000)
 Metaspace       used 74913K, capacity 75660K, committed 75992K, reserved 1112064K
  class space    used 13675K, capacity 13930K, committed 14040K, reserved 1048576K
GC Heap History (10 events):
Event: 61.979 GC heap before
{Heap before GC invocations=174 (full 7):
 PSYoungGen      total 227840K, used 206656K [0x00000007b0000000, 0x00000007bfa00000, 0x00000007c0000000)
  eden space 199168K, 100% used [0x00000007b0000000,0x00000007bc280000,0x00000007bc280000)
  from space 28672K, 26% used [0x00000007bde00000,0x00000007be550000,0x00000007bfa00000)
  to   space 28160K, 0% used [0x00000007bc280000,0x00000007bc280000,0x00000007bde00000)
 ParOldGen       total 524288K, used 281101K [0x0000000790000000, 0x00000007b0000000, 0x00000007b0000000)
  object space 524288K, 53% used [0x0000000790000000,0x00000007a1283520,0x00000007b0000000)
 Metaspace       used 74874K, capacity 75500K, committed 75864K, reserved 1112064K
  class space    used 13661K, capacity 13898K, committed 13912K, reserved 1048576K
Event: 61.983 GC heap after
Heap after GC invocations=174 (full 7):
 PSYoungGen      total 227328K, used 8992K [0x00000007b0000000, 0x00000007bfc80000, 0x00000007c0000000)
  eden space 199168K, 0% used [0x00000007b0000000,0x00000007b0000000,0x00000007bc280000)
  from space 28160K, 31% used [0x00000007bc280000,0x00000007bcb48020,0x00000007bde00000)
  to   space 26624K, 0% used [0x00000007be280000,0x00000007be280000,0x00000007bfc80000)
 ParOldGen       total 524288K, used 281101K [0x0000000790000000, 0x00000007b0000000, 0x00000007b0000000)
  object space 524288K, 53% used [0x0000000790000000,0x00000007a1283520,0x00000007b0000000)
 Metaspace       used 74874K, capacity 75500K, committed 75864K, reserved 1112064K
  class space    used 13661K, capacity 13898K, committed 13912K, reserved 1048576K
}
Event: 62.171 GC heap before
{Heap before GC invocations=175 (full 7):
 PSYoungGen      total 227328K, used 208160K [0x00000007b0000000, 0x00000007bfc80000, 0x00000007c0000000)
  eden space 199168K, 100% used [0x00000007b0000000,0x00000007bc280000,0x00000007bc280000)
  from space 28160K, 31% used [0x00000007bc280000,0x00000007bcb48020,0x00000007bde00000)
  to   space 26624K, 0% used [0x00000007be280000,0x00000007be280000,0x00000007bfc80000)
 ParOldGen       total 524288K, used 281101K [0x0000000790000000, 0x00000007b0000000, 0x00000007b0000000)
  object space 524288K, 53% used [0x0000000790000000,0x00000007a1283520,0x00000007b0000000)
 Metaspace       used 74874K, capacity 75500K, committed 75864K, reserved 1112064K
  class space    used 13661K, capacity 13898K, committed 13912K, reserved 1048576K
Event: 62.179 GC heap after
Heap after GC invocations=175 (full 7):
 PSYoungGen      total 232960K, used 10640K [0x00000007b0000000, 0x00000007bfc80000, 0x00000007c0000000)
  eden space 206336K, 0% used [0x00000007b0000000,0x00000007b0000000,0x00000007bc980000)
  from space 26624K, 39% used [0x00000007be280000,0x00000007bece4030,0x00000007bfc80000)
  to   space 25600K, 0% used [0x00000007bc980000,0x00000007bc980000,0x00000007be280000)
 ParOldGen       total 524288K, used 281101K [0x0000000790000000, 0x00000007b0000000, 0x00000007b0000000)
  object space 524288K, 53% used [0x0000000790000000,0x00000007a1283520,0x00000007b0000000)
 Metaspace       used 74874K, capacity 75500K, committed 75864K, reserved 1112064K
  class space    used 13661K, capacity 13898K, committed 13912K, reserved 1048576K
}
Event: 62.370 GC heap before
{Heap before GC invocations=176 (full 7):
 PSYoungGen      total 232960K, used 216976K [0x00000007b0000000, 0x00000007bfc80000, 0x00000007c0000000)
  eden space 206336K, 100% used [0x00000007b0000000,0x00000007bc980000,0x00000007bc980000)
  from space 26624K, 39% used [0x00000007be280000,0x00000007bece4030,0x00000007bfc80000)
  to   space 25600K, 0% used [0x00000007bc980000,0x00000007bc980000,0x00000007be280000)
 ParOldGen       total 524288K, used 281101K [0x0000000790000000, 0x00000007b0000000, 0x00000007b0000000)
  object space 524288K, 53% used [0x0000000790000000,0x00000007a1283520,0x00000007b0000000)
 Metaspace       used 74874K, capacity 75500K, committed 75864K, reserved 1112064K
  class space    used 13661K, capacity 13898K, committed 13912K, reserved 1048576K
Event: 62.377 GC heap after
Heap after GC invocations=176 (full 7):
 PSYoungGen      total 231936K, used 10928K [0x00000007b0000000, 0x00000007bfe00000, 0x00000007c0000000)
  eden space 206336K, 0% used [0x00000007b0000000,0x00000007b0000000,0x00000007bc980000)
  from space 25600K, 42% used [0x00000007bc980000,0x00000007bd42c050,0x00000007be280000)
  to   space 25088K, 0% used [0x00000007be580000,0x00000007be580000,0x00000007bfe00000)
 ParOldGen       total 524288K, used 282477K [0x0000000790000000, 0x00000007b0000000, 0x00000007b0000000)
  object space 524288K, 53% used [0x0000000790000000,0x00000007a13db520,0x00000007b0000000)
 Metaspace       used 74874K, capacity 75500K, committed 75864K, reserved 1112064K
  class space    used 13661K, capacity 13898K, committed 13912K, reserved 1048576K
}
Event: 62.570 GC heap before
{Heap before GC invocations=177 (full 7):
 PSYoungGen      total 231936K, used 217264K [0x00000007b0000000, 0x00000007bfe00000, 0x00000007c0000000)
  eden space 206336K, 100% used [0x00000007b0000000,0x00000007bc980000,0x00000007bc980000)
  from space 25600K, 42% used [0x00000007bc980000,0x00000007bd42c050,0x00000007be280000)
  to   space 25088K, 0% used [0x00000007be580000,0x00000007be580000,0x00000007bfe00000)
 ParOldGen       total 524288K, used 282477K [0x0000000790000000, 0x00000007b0000000, 0x00000007b0000000)
  object space 524288K, 53% used [0x0000000790000000,0x00000007a13db520,0x00000007b0000000)
 Metaspace       used 74874K, capacity 75500K, committed 75864K, reserved 1112064K
  class space    used 13661K, capacity 13898K, committed 13912K, reserved 1048576K
Event: 62.577 GC heap after
Heap after GC invocations=177 (full 7):
 PSYoungGen      total 235520K, used 11136K [0x00000007b0000000, 0x00000007bfd80000, 0x00000007c0000000)
  eden space 210944K, 0% used [0x00000007b0000000,0x00000007b0000000,0x00000007bce00000)
  from space 24576K, 45% used [0x00000007be580000,0x00000007bf060060,0x00000007bfd80000)
  to   space 24064K, 0% used [0x00000007bce00000,0x00000007bce00000,0x00000007be580000)
 ParOldGen       total 524288K, used 283901K [0x0000000790000000, 0x00000007b0000000, 0x00000007b0000000)
  object space 524288K, 54% used [0x0000000790000000,0x00000007a153f520,0x00000007b0000000)
 Metaspace       used 74874K, capacity 75500K, committed 75864K, reserved 1112064K
  class space    used 13661K, capacity 13898K, committed 13912K, reserved 1048576K
}
Event: 62.766 GC heap before
{Heap before GC invocations=178 (full 7):
 PSYoungGen      total 235520K, used 222080K [0x00000007b0000000, 0x00000007bfd80000, 0x00000007c0000000)
  eden space 210944K, 100% used [0x00000007b0000000,0x00000007bce00000,0x00000007bce00000)
  from space 24576K, 45% used [0x00000007be580000,0x00000007bf060060,0x00000007bfd80000)
  to   space 24064K, 0% used [0x00000007bce00000,0x00000007bce00000,0x00000007be580000)
 ParOldGen       total 524288K, used 283901K [0x0000000790000000, 0x00000007b0000000, 0x00000007b0000000)
  object space 524288K, 54% used [0x0000000790000000,0x00000007a153f520,0x00000007b0000000)
 Metaspace       used 74874K, capacity 75500K, committed 75864K, reserved 1112064K
  class space    used 13661K, capacity 13898K, committed 13912K, reserved 1048576K
Event: 62.774 GC heap after
Heap after GC invocations=178 (full 7):
 PSYoungGen      total 235008K, used 9744K [0x00000007b0000000, 0x00000007bfd80000, 0x00000007c0000000)
  eden space 210944K, 0% used [0x00000007b0000000,0x00000007b0000000,0x00000007bce00000)
  from space 24064K, 40% used [0x00000007bce00000,0x00000007bd784050,0x00000007be580000)
  to   space 23040K, 0% used [0x00000007be700000,0x00000007be700000,0x00000007bfd80000)
 ParOldGen       total 524288K, used 286761K [0x0000000790000000, 0x00000007b0000000, 0x00000007b0000000)
  object space 524288K, 54% used [0x0000000790000000,0x00000007a180a550,0x00000007b0000000)
 Metaspace       used 74874K, capacity 75500K, committed 75864K, reserved 1112064K
  class space    used 13661K, capacity 13898K, committed 13912K, reserved 1048576K
}

